['most \r', 'common \r', 'words \r', 'ability\r', 'able\r', 'about\r', 'above\r', 'accept\r', 'according\r', 'account\r', 'across\r', 'act\r', 'action\r', 'activity\r', 'actually\r', 'add\r', 'address\r', 'administration\r', 'admit\r', 'adult\r', 'affect\r', 'after\r', 'again\r', 'against\r', 'age\r', 'agency\r', 'agent\r', 'ago\r', 'agree\r', 'agreement\r', 'ahead\r', 'air\r', 'all\r', 'allow\r', 'almost\r', 'alone\r', 'along\r', 'already\r', 'also\r', 'although\r', 'always\r', 'American\r', 'among\r', 'amount\r', 'analysis\r', 'and\r', 'animal\r', 'another\r', 'answer\r', 'any\r', 'anyone\r', 'anything\r', 'appear\r', 'apply\r', 'approach\r', 'area\r', 'argue\r', 'arm\r', 'around\r', 'arrive\r', 'art\r', 'article\r', 'artist\r', 'as\r', 'ask\r', 'assume\r', 'at\r', 'attack\r', 'attention\r', 'attorney\r', 'audience\r', 'author\r', 'authority\r', 'available\r', 'avoid\r', 'away\r', 'baby\r', 'back\r', 'bad\r', 'bag\r', 'ball\r', 'bank\r', 'bar\r', 'base\r', 'be\r', 'beat\r', 'beautiful\r', 'because\r', 'become\r', 'bed\r', 'before\r', 'begin\r', 'behavior\r', 'behind\r', 'believe\r', 'benefit\r', 'best\r', 'better\r', 'between\r', 'beyond\r', 'big\r', 'bill\r', 'billion\r', 'bit\r', 'black\r', 'blood\r', 'blue\r', 'board\r', 'body\r', 'book\r', 'born\r', 'both\r', 'box\r', 'boy\r', 'break\r', 'bring\r', 'brother\r', 'budget\r', 'build\r', 'building\r', 'business\r', 'but\r', 'buy\r', 'by\r', 'call\r', 'camera\r', 'campaign\r', 'can\r', 'cancer\r', 'candidate\r', 'capital\r', 'car\r', 'card\r', 'care\r', 'career\r', 'carry\r', 'case\r', 'catch\r', 'cause\r', 'cell\r', 'center\r', 'central\r', 'century\r', 'certain\r', 'certainly\r', 'chair\r', 'challenge\r', 'chance\r', 'change\r', 'character\r', 'charge\r', 'check\r', 'child\r', 'choice\r', 'choose\r', 'church\r', 'citizen\r', 'city\r', 'civil\r', 'claim\r', 'class\r', 'clear\r', 'clearly\r', 'close\r', 'coach\r', 'cold\r', 'collection\r', 'college\r', 'color\r', 'come\r', 'commercial\r', 'common\r', 'community\r', 'company\r', 'compare\r', 'computer\r', 'concern\r', 'condition\r', 'conference\r', 'Congress\r', 'consider\r', 'consumer\r', 'contain\r', 'continue\r', 'control\r', 'cost\r', 'could\r', 'country\r', 'couple\r', 'course\r', 'court\r', 'cover\r', 'create\r', 'crime\r', 'cultural\r', 'culture\r', 'cup\r', 'current\r', 'customer\r', 'cut\r', 'dark\r', 'data\r', 'daughter\r', 'day\r', 'dead\r', 'deal\r', 'death\r', 'debate\r', 'decade\r', 'decide\r', 'decision\r', 'deep\r', 'defense\r', 'degree\r', 'Democrat\r', 'democratic\r', 'describe\r', 'design\r', 'despite\r', 'detail\r', 'determine\r', 'develop\r', 'development\r', 'die\r', 'difference\r', 'different\r', 'difficult\r', 'dinner\r', 'direction\r', 'director\r', 'discover\r', 'discuss\r', 'discussion\r', 'disease\r', 'do\r', 'doctor\r', 'dog\r', 'door\r', 'down\r', 'draw\r', 'dream\r', 'drive\r', 'drop\r', 'drug\r', 'during\r', 'each\r', 'early\r', 'east\r', 'easy\r', 'eat\r', 'economic\r', 'economy\r', 'edge\r', 'education\r', 'effect\r', 'effort\r', 'eight\r', 'either\r', 'election\r', 'else\r', 'employee\r', 'end\r', 'energy\r', 'enjoy\r', 'enough\r', 'enter\r', 'entire\r', 'environment\r', 'environmental\r', 'especially\r', 'establish\r', 'even\r', 'evening\r', 'event\r', 'ever\r', 'every\r', 'everybody\r', 'everyone\r', 'everything\r', 'evidence\r', 'exactly\r', 'example\r', 'executive\r', 'exist\r', 'expect\r', 'experience\r', 'expert\r', 'explain\r', 'eye\r', 'face\r', 'fact\r', 'factor\r', 'fail\r', 'fall\r', 'family\r', 'far\r', 'fast\r', 'father\r', 'fear\r', 'federal\r', 'feel\r', 'feeling\r', 'few\r', 'field\r', 'fight\r', 'figure\r', 'fill\r', 'film\r', 'final\r', 'finally\r', 'financial\r', 'find\r', 'fine\r', 'finger\r', 'finish\r', 'fire\r', 'firm\r', 'first\r', 'fish\r', 'five\r', 'floor\r', 'fly\r', 'focus\r', 'follow\r', 'food\r', 'foot\r', 'for\r', 'force\r', 'foreign\r', 'forget\r', 'form\r', 'former\r', 'forward\r', 'four\r', 'free\r', 'friend\r', 'from\r', 'front\r', 'full\r', 'fund\r', 'future\r', 'game\r', 'garden\r', 'gas\r', 'general\r', 'generation\r', 'get\r', 'girl\r', 'give\r', 'glass\r', 'go\r', 'goal\r', 'good\r', 'government\r', 'great\r', 'green\r', 'ground\r', 'group\r', 'grow\r', 'growth\r', 'guess\r', 'gun\r', 'guy\r', 'hair\r', 'half\r', 'hand\r', 'hang\r', 'happen\r', 'happy\r', 'hard\r', 'have\r', 'he\r', 'head\r', 'health\r', 'hear\r', 'heart\r', 'heat\r', 'heavy\r', 'help\r', 'her\r', 'here\r', 'herself\r', 'high\r', 'him\r', 'himself\r', 'his\r', 'history\r', 'hit\r', 'hold\r', 'home\r', 'hope\r', 'hospital\r', 'hot\r', 'hotel\r', 'hour\r', 'house\r', 'how\r', 'however\r', 'huge\r', 'human\r', 'hundred\r', 'husband\r', 'I\r', 'idea\r', 'identify\r', 'if\r', 'image\r', 'imagine\r', 'impact\r', 'important\r', 'improve\r', 'in\r', 'include\r', 'including\r', 'increase\r', 'indeed\r', 'indicate\r', 'individual\r', 'industry\r', 'information\r', 'inside\r', 'instead\r', 'institution\r', 'interest\r', 'interesting\r', 'international\r', 'interview\r', 'into\r', 'investment\r', 'involve\r', 'issue\r', 'it\r', 'item\r', 'its\r', 'itself\r', 'job\r', 'join\r', 'just\r', 'keep\r', 'key\r', 'kid\r', 'kill\r', 'kind\r', 'kitchen\r', 'know\r', 'knowledge\r', 'land\r', 'language\r', 'large\r', 'last\r', 'late\r', 'later\r', 'laugh\r', 'law\r', 'lawyer\r', 'lay\r', 'lead\r', 'leader\r', 'learn\r', 'least\r', 'leave\r', 'left\r', 'leg\r', 'legal\r', 'less\r', 'let\r', 'letter\r', 'level\r', 'lie\r', 'life\r', 'light\r', 'like\r', 'likely\r', 'line\r', 'list\r', 'listen\r', 'little\r', 'live\r', 'local\r', 'long\r', 'look\r', 'lose\r', 'loss\r', 'lot\r', 'love\r', 'low\r', 'machine\r', 'magazine\r', 'main\r', 'maintain\r', 'major\r', 'majority\r', 'make\r', 'man\r', 'manage\r', 'management\r', 'manager\r', 'many\r', 'market\r', 'marriage\r', 'material\r', 'matter\r', 'may\r', 'maybe\r', 'me\r', 'mean\r', 'measure\r', 'media\r', 'medical\r', 'meet\r', 'meeting\r', 'member\r', 'memory\r', 'mention\r', 'message\r', 'method\r', 'middle\r', 'might\r', 'military\r', 'million\r', 'mind\r', 'minute\r', 'miss\r', 'mission\r', 'model\r', 'modern\r', 'moment\r', 'money\r', 'month\r', 'more\r', 'morning\r', 'most\r', 'mother\r', 'mouth\r', 'move\r', 'movement\r', 'movie\r', 'Mr\r', 'Mrs\r', 'much\r', 'music\r', 'must\r', 'my\r', 'myself\r', 'name\r', 'nation\r', 'national\r', 'natural\r', 'nature\r', 'near\r', 'nearly\r', 'necessary\r', 'need\r', 'network\r', 'never\r', 'new\r', 'news\r', 'newspaper\r', 'next\r', 'nice\r', 'night\r', 'no\r', 'none\r', 'nor\r', 'north\r', 'not\r', 'note\r', 'nothing\r', 'notice\r', 'now\r', "n't\r", 'number\r', 'occur\r', 'of\r', 'off\r', 'offer\r', 'office\r', 'officer\r', 'official\r', 'often\r', 'oh\r', 'oil\r', 'ok\r', 'old\r', 'on\r', 'once\r', 'one\r', 'only\r', 'onto\r', 'open\r', 'operation\r', 'opportunity\r', 'option\r', 'or\r', 'order\r', 'organization\r', 'other\r', 'others\r', 'our\r', 'out\r', 'outside\r', 'over\r', 'own\r', 'owner\r', 'page\r', 'pain\r', 'painting\r', 'paper\r', 'parent\r', 'part\r', 'participant\r', 'particular\r', 'particularly\r', 'partner\r', 'party\r', 'pass\r', 'past\r', 'patient\r', 'pattern\r', 'pay\r', 'peace\r', 'people\r', 'per\r', 'perform\r', 'performance\r', 'perhaps\r', 'period\r', 'person\r', 'personal\r', 'phone\r', 'physical\r', 'pick\r', 'picture\r', 'piece\r', 'place\r', 'plan\r', 'plant\r', 'play\r', 'player\r', 'PM\r', 'point\r', 'police\r', 'policy\r', 'political\r', 'politics\r', 'poor\r', 'popular\r', 'population\r', 'position\r', 'positive\r', 'possible\r', 'power\r', 'practice\r', 'prepare\r', 'present\r', 'president\r', 'pressure\r', 'pretty\r', 'prevent\r', 'price\r', 'private\r', 'probably\r', 'problem\r', 'process\r', 'produce\r', 'product\r', 'production\r', 'professional\r', 'professor\r', 'program\r', 'project\r', 'property\r', 'protect\r', 'prove\r', 'provide\r', 'public\r', 'pull\r', 'purpose\r', 'push\r', 'put\r', 'quality\r', 'question\r', 'quickly\r', 'quite\r', 'race\r', 'radio\r', 'raise\r', 'range\r', 'rate\r', 'rather\r', 'reach\r', 'read\r', 'ready\r', 'real\r', 'reality\r', 'realize\r', 'really\r', 'reason\r', 'receive\r', 'recent\r', 'recently\r', 'recognize\r', 'record\r', 'red\r', 'reduce\r', 'reflect\r', 'region\r', 'relate\r', 'relationship\r', 'religious\r', 'remain\r', 'remember\r', 'remove\r', 'report\r', 'represent\r', 'Republican\r', 'require\r', 'research\r', 'resource\r', 'respond\r', 'response\r', 'responsibility\r', 'rest\r', 'result\r', 'return\r', 'reveal\r', 'rich\r', 'right\r', 'rise\r', 'risk\r', 'road\r', 'rock\r', 'role\r', 'room\r', 'rule\r', 'run\r', 'safe\r', 'same\r', 'save\r', 'say\r', 'scene\r', 'school\r', 'science\r', 'scientist\r', 'score\r', 'sea\r', 'season\r', 'seat\r', 'second\r', 'section\r', 'security\r', 'see\r', 'seek\r', 'seem\r', 'sell\r', 'send\r', 'senior\r', 'sense\r', 'series\r', 'serious\r', 'serve\r', 'service\r', 'set\r', 'seven\r', 'several\r', 'sex\r', 'sexual\r', 'shake\r', 'share\r', 'she\r', 'shoot\r', 'short\r', 'shot\r', 'should\r', 'shoulder\r', 'show\r', 'side\r', 'sign\r', 'significant\r', 'similar\r', 'simple\r', 'simply\r', 'since\r', 'sing\r', 'single\r', 'sister\r', 'sit\r', 'site\r', 'situation\r', 'six\r', 'size\r', 'skill\r', 'skin\r', 'small\r', 'smile\r', 'so\r', 'social\r', 'society\r', 'soldier\r', 'some\r', 'somebody\r', 'someone\r', 'something\r', 'sometimes\r', 'son\r', 'song\r', 'soon\r', 'sort\r', 'sound\r', 'source\r', 'south\r', 'southern\r', 'space\r', 'speak\r', 'special\r', 'specific\r', 'speech\r', 'spend\r', 'sport\r', 'spring\r', 'staff\r', 'stage\r', 'stand\r', 'standard\r', 'star\r', 'start\r', 'state\r', 'statement\r', 'station\r', 'stay\r', 'step\r', 'still\r', 'stock\r', 'stop\r', 'store\r', 'story\r', 'strategy\r', 'street\r', 'strong\r', 'structure\r', 'student\r', 'study\r', 'stuff\r', 'style\r', 'subject\r', 'success\r', 'successful\r', 'such\r', 'suddenly\r', 'suffer\r', 'suggest\r', 'summer\r', 'support\r', 'sure\r', 'surface\r', 'system\r', 'table\r', 'take\r', 'talk\r', 'task\r', 'tax\r', 'teach\r', 'teacher\r', 'team\r', 'technology\r', 'television\r', 'tell\r', 'ten\r', 'tend\r', 'term\r', 'test\r', 'than\r', 'thank\r', 'that\r', 'the\r', 'their\r', 'them\r', 'themselves\r', 'then\r', 'theory\r', 'there\r', 'these\r', 'they\r', 'thing\r', 'think\r', 'third\r', 'this\r', 'those\r', 'though\r', 'thought\r', 'thousand\r', 'threat\r', 'three\r', 'through\r', 'throughout\r', 'throw\r', 'thus\r', 'time\r', 'to\r', 'today\r', 'together\r', 'tonight\r', 'too\r', 'top\r', 'total\r', 'tough\r', 'toward\r', 'town\r', 'trade\r', 'traditional\r', 'training\r', 'travel\r', 'treat\r', 'treatment\r', 'tree\r', 'trial\r', 'trip\r', 'trouble\r', 'true\r', 'truth\r', 'try\r', 'turn\r', 'TV\r', 'two\r', 'type\r', 'under\r', 'understand\r', 'unit\r', 'until\r', 'up\r', 'upon\r', 'us\r', 'use\r', 'usually\r', 'value\r', 'various\r', 'very\r', 'victim\r', 'view\r', 'violence\r', 'visit\r', 'voice\r', 'vote\r', 'wait\r', 'walk\r', 'wall\r', 'want\r', 'war\r', 'watch\r', 'water\r', 'way\r', 'we\r', 'weapon\r', 'wear\r', 'week\r', 'weight\r', 'well\r', 'west\r', 'western\r', 'what\r', 'whatever\r', 'when\r', 'where\r', 'whether\r', 'which\r', 'while\r', 'white\r', 'who\r', 'whole\r', 'whom\r', 'whose\r', 'why\r', 'wide\r', 'wife\r', 'will\r', 'win\r', 'wind\r', 'window\r', 'wish\r', 'with\r', 'within\r', 'without\r', 'woman\r', 'wonder\r', 'word\r', 'work\r', 'worker\r', 'world\r', 'worry\r', 'would\r', 'write\r', 'writer\r', 'wrong\r', 'yard\r', 'yeah\r', 'year\r', 'yes\r', 'yet\r', 'you\r', 'young\r', 'your\r', 'yourself\r', 'English Courses\r', 'Privacy Policy\r', 'Cookies\r', 'Copyright \r']
begin most 
Error accessing: http://www.google.com/search?start=0&num=10&q=Hello&nl=en
HTTP Error 503: Service Unavailable
Traceback (most recent call last):
  File "/home/txr/anaconda3/envs/python3/lib/python3.5/site-packages/google/modules/utils.py", line 432, in get_html
    html = urllib.request.urlopen(request).read()
  File "/home/txr/anaconda3/envs/python3/lib/python3.5/urllib/request.py", line 163, in urlopen
    return opener.open(url, data, timeout)
  File "/home/txr/anaconda3/envs/python3/lib/python3.5/urllib/request.py", line 472, in open
    response = meth(req, response)
  File "/home/txr/anaconda3/envs/python3/lib/python3.5/urllib/request.py", line 582, in http_response
    'http', request, response, code, msg, hdrs)
  File "/home/txr/anaconda3/envs/python3/lib/python3.5/urllib/request.py", line 504, in error
    result = self._call_chain(*args)
  File "/home/txr/anaconda3/envs/python3/lib/python3.5/urllib/request.py", line 444, in _call_chain
    result = func(*args)
  File "/home/txr/anaconda3/envs/python3/lib/python3.5/urllib/request.py", line 696, in http_error_302
    return self.parent.open(new, timeout=req.timeout)
  File "/home/txr/anaconda3/envs/python3/lib/python3.5/urllib/request.py", line 472, in open
    response = meth(req, response)
  File "/home/txr/anaconda3/envs/python3/lib/python3.5/urllib/request.py", line 582, in http_response
    'http', request, response, code, msg, hdrs)
  File "/home/txr/anaconda3/envs/python3/lib/python3.5/urllib/request.py", line 504, in error
    result = self._call_chain(*args)
  File "/home/txr/anaconda3/envs/python3/lib/python3.5/urllib/request.py", line 444, in _call_chain
    result = func(*args)
  File "/home/txr/anaconda3/envs/python3/lib/python3.5/urllib/request.py", line 696, in http_error_302
    return self.parent.open(new, timeout=req.timeout)
  File "/home/txr/anaconda3/envs/python3/lib/python3.5/urllib/request.py", line 472, in open
    response = meth(req, response)
  File "/home/txr/anaconda3/envs/python3/lib/python3.5/urllib/request.py", line 582, in http_response
    'http', request, response, code, msg, hdrs)
  File "/home/txr/anaconda3/envs/python3/lib/python3.5/urllib/request.py", line 510, in error
    return self._call_chain(*args)
  File "/home/txr/anaconda3/envs/python3/lib/python3.5/urllib/request.py", line 444, in _call_chain
    result = func(*args)
  File "/home/txr/anaconda3/envs/python3/lib/python3.5/urllib/request.py", line 590, in http_error_default
    raise HTTPError(req.full_url, code, msg, hdrs, fp)
urllib.error.HTTPError: HTTP Error 503: Service Unavailable

During handling of the above exception, another exception occurred:

Traceback (most recent call last):
  File "spider.py", line 41, in <module>
    crawl(str(word))
  File "spider.py", line 10, in crawl
    search_results = google.search("Hello", num_page)
  File "/home/txr/anaconda3/envs/python3/lib/python3.5/site-packages/google/modules/standard_search.py", line 69, in search
    html = get_html(url)
  File "/home/txr/anaconda3/envs/python3/lib/python3.5/site-packages/google/modules/utils.py", line 437, in get_html
    if e.code == 503 and 'CaptchaRedirect' in e.read():
TypeError: a bytes-like object is required, not 'str'
['most', 'common', 'words', 'ability', 'able', 'about', 'above', 'accept', 'according', 'account', 'across', 'act', 'action', 'activity', 'actually', 'add', 'address', 'administration', 'admit', 'adult', 'affect', 'after', 'again', 'against', 'age', 'agency', 'agent', 'ago', 'agree', 'agreement', 'ahead', 'air', 'all', 'allow', 'almost', 'alone', 'along', 'already', 'also', 'although', 'always', 'American', 'among', 'amount', 'analysis', 'and', 'animal', 'another', 'answer', 'any', 'anyone', 'anything', 'appear', 'apply', 'approach', 'area', 'argue', 'arm', 'around', 'arrive', 'art', 'article', 'artist', 'as', 'ask', 'assume', 'at', 'attack', 'attention', 'attorney', 'audience', 'author', 'authority', 'available', 'avoid', 'away', 'baby', 'back', 'bad', 'bag', 'ball', 'bank', 'bar', 'base', 'be', 'beat', 'beautiful', 'because', 'become', 'bed', 'before', 'begin', 'behavior', 'behind', 'believe', 'benefit', 'best', 'better', 'between', 'beyond', 'big', 'bill', 'billion', 'bit', 'black', 'blood', 'blue', 'board', 'body', 'book', 'born', 'both', 'box', 'boy', 'break', 'bring', 'brother', 'budget', 'build', 'building', 'business', 'but', 'buy', 'by', 'call', 'camera', 'campaign', 'can', 'cancer', 'candidate', 'capital', 'car', 'card', 'care', 'career', 'carry', 'case', 'catch', 'cause', 'cell', 'center', 'central', 'century', 'certain', 'certainly', 'chair', 'challenge', 'chance', 'change', 'character', 'charge', 'check', 'child', 'choice', 'choose', 'church', 'citizen', 'city', 'civil', 'claim', 'class', 'clear', 'clearly', 'close', 'coach', 'cold', 'collection', 'college', 'color', 'come', 'commercial', 'common', 'community', 'company', 'compare', 'computer', 'concern', 'condition', 'conference', 'Congress', 'consider', 'consumer', 'contain', 'continue', 'control', 'cost', 'could', 'country', 'couple', 'course', 'court', 'cover', 'create', 'crime', 'cultural', 'culture', 'cup', 'current', 'customer', 'cut', 'dark', 'data', 'daughter', 'day', 'dead', 'deal', 'death', 'debate', 'decade', 'decide', 'decision', 'deep', 'defense', 'degree', 'Democrat', 'democratic', 'describe', 'design', 'despite', 'detail', 'determine', 'develop', 'development', 'die', 'difference', 'different', 'difficult', 'dinner', 'direction', 'director', 'discover', 'discuss', 'discussion', 'disease', 'do', 'doctor', 'dog', 'door', 'down', 'draw', 'dream', 'drive', 'drop', 'drug', 'during', 'each', 'early', 'east', 'easy', 'eat', 'economic', 'economy', 'edge', 'education', 'effect', 'effort', 'eight', 'either', 'election', 'else', 'employee', 'end', 'energy', 'enjoy', 'enough', 'enter', 'entire', 'environment', 'environmental', 'especially', 'establish', 'even', 'evening', 'event', 'ever', 'every', 'everybody', 'everyone', 'everything', 'evidence', 'exactly', 'example', 'executive', 'exist', 'expect', 'experience', 'expert', 'explain', 'eye', 'face', 'fact', 'factor', 'fail', 'fall', 'family', 'far', 'fast', 'father', 'fear', 'federal', 'feel', 'feeling', 'few', 'field', 'fight', 'figure', 'fill', 'film', 'final', 'finally', 'financial', 'find', 'fine', 'finger', 'finish', 'fire', 'firm', 'first', 'fish', 'five', 'floor', 'fly', 'focus', 'follow', 'food', 'foot', 'for', 'force', 'foreign', 'forget', 'form', 'former', 'forward', 'four', 'free', 'friend', 'from', 'front', 'full', 'fund', 'future', 'game', 'garden', 'gas', 'general', 'generation', 'get', 'girl', 'give', 'glass', 'go', 'goal', 'good', 'government', 'great', 'green', 'ground', 'group', 'grow', 'growth', 'guess', 'gun', 'guy', 'hair', 'half', 'hand', 'hang', 'happen', 'happy', 'hard', 'have', 'he', 'head', 'health', 'hear', 'heart', 'heat', 'heavy', 'help', 'her', 'here', 'herself', 'high', 'him', 'himself', 'his', 'history', 'hit', 'hold', 'home', 'hope', 'hospital', 'hot', 'hotel', 'hour', 'house', 'how', 'however', 'huge', 'human', 'hundred', 'husband', 'I', 'idea', 'identify', 'if', 'image', 'imagine', 'impact', 'important', 'improve', 'in', 'include', 'including', 'increase', 'indeed', 'indicate', 'individual', 'industry', 'information', 'inside', 'instead', 'institution', 'interest', 'interesting', 'international', 'interview', 'into', 'investment', 'involve', 'issue', 'it', 'item', 'its', 'itself', 'job', 'join', 'just', 'keep', 'key', 'kid', 'kill', 'kind', 'kitchen', 'know', 'knowledge', 'land', 'language', 'large', 'last', 'late', 'later', 'laugh', 'law', 'lawyer', 'lay', 'lead', 'leader', 'learn', 'least', 'leave', 'left', 'leg', 'legal', 'less', 'let', 'letter', 'level', 'lie', 'life', 'light', 'like', 'likely', 'line', 'list', 'listen', 'little', 'live', 'local', 'long', 'look', 'lose', 'loss', 'lot', 'love', 'low', 'machine', 'magazine', 'main', 'maintain', 'major', 'majority', 'make', 'man', 'manage', 'management', 'manager', 'many', 'market', 'marriage', 'material', 'matter', 'may', 'maybe', 'me', 'mean', 'measure', 'media', 'medical', 'meet', 'meeting', 'member', 'memory', 'mention', 'message', 'method', 'middle', 'might', 'military', 'million', 'mind', 'minute', 'miss', 'mission', 'model', 'modern', 'moment', 'money', 'month', 'more', 'morning', 'most', 'mother', 'mouth', 'move', 'movement', 'movie', 'Mr', 'Mrs', 'much', 'music', 'must', 'my', 'myself', 'name', 'nation', 'national', 'natural', 'nature', 'near', 'nearly', 'necessary', 'need', 'network', 'never', 'new', 'news', 'newspaper', 'next', 'nice', 'night', 'no', 'none', 'nor', 'north', 'not', 'note', 'nothing', 'notice', 'now', "n't", 'number', 'occur', 'of', 'off', 'offer', 'office', 'officer', 'official', 'often', 'oh', 'oil', 'ok', 'old', 'on', 'once', 'one', 'only', 'onto', 'open', 'operation', 'opportunity', 'option', 'or', 'order', 'organization', 'other', 'others', 'our', 'out', 'outside', 'over', 'own', 'owner', 'page', 'pain', 'painting', 'paper', 'parent', 'part', 'participant', 'particular', 'particularly', 'partner', 'party', 'pass', 'past', 'patient', 'pattern', 'pay', 'peace', 'people', 'per', 'perform', 'performance', 'perhaps', 'period', 'person', 'personal', 'phone', 'physical', 'pick', 'picture', 'piece', 'place', 'plan', 'plant', 'play', 'player', 'PM', 'point', 'police', 'policy', 'political', 'politics', 'poor', 'popular', 'population', 'position', 'positive', 'possible', 'power', 'practice', 'prepare', 'present', 'president', 'pressure', 'pretty', 'prevent', 'price', 'private', 'probably', 'problem', 'process', 'produce', 'product', 'production', 'professional', 'professor', 'program', 'project', 'property', 'protect', 'prove', 'provide', 'public', 'pull', 'purpose', 'push', 'put', 'quality', 'question', 'quickly', 'quite', 'race', 'radio', 'raise', 'range', 'rate', 'rather', 'reach', 'read', 'ready', 'real', 'reality', 'realize', 'really', 'reason', 'receive', 'recent', 'recently', 'recognize', 'record', 'red', 'reduce', 'reflect', 'region', 'relate', 'relationship', 'religious', 'remain', 'remember', 'remove', 'report', 'represent', 'Republican', 'require', 'research', 'resource', 'respond', 'response', 'responsibility', 'rest', 'result', 'return', 'reveal', 'rich', 'right', 'rise', 'risk', 'road', 'rock', 'role', 'room', 'rule', 'run', 'safe', 'same', 'save', 'say', 'scene', 'school', 'science', 'scientist', 'score', 'sea', 'season', 'seat', 'second', 'section', 'security', 'see', 'seek', 'seem', 'sell', 'send', 'senior', 'sense', 'series', 'serious', 'serve', 'service', 'set', 'seven', 'several', 'sex', 'sexual', 'shake', 'share', 'she', 'shoot', 'short', 'shot', 'should', 'shoulder', 'show', 'side', 'sign', 'significant', 'similar', 'simple', 'simply', 'since', 'sing', 'single', 'sister', 'sit', 'site', 'situation', 'six', 'size', 'skill', 'skin', 'small', 'smile', 'so', 'social', 'society', 'soldier', 'some', 'somebody', 'someone', 'something', 'sometimes', 'son', 'song', 'soon', 'sort', 'sound', 'source', 'south', 'southern', 'space', 'speak', 'special', 'specific', 'speech', 'spend', 'sport', 'spring', 'staff', 'stage', 'stand', 'standard', 'star', 'start', 'state', 'statement', 'station', 'stay', 'step', 'still', 'stock', 'stop', 'store', 'story', 'strategy', 'street', 'strong', 'structure', 'student', 'study', 'stuff', 'style', 'subject', 'success', 'successful', 'such', 'suddenly', 'suffer', 'suggest', 'summer', 'support', 'sure', 'surface', 'system', 'table', 'take', 'talk', 'task', 'tax', 'teach', 'teacher', 'team', 'technology', 'television', 'tell', 'ten', 'tend', 'term', 'test', 'than', 'thank', 'that', 'the', 'their', 'them', 'themselves', 'then', 'theory', 'there', 'these', 'they', 'thing', 'think', 'third', 'this', 'those', 'though', 'thought', 'thousand', 'threat', 'three', 'through', 'throughout', 'throw', 'thus', 'time', 'to', 'today', 'together', 'tonight', 'too', 'top', 'total', 'tough', 'toward', 'town', 'trade', 'traditional', 'training', 'travel', 'treat', 'treatment', 'tree', 'trial', 'trip', 'trouble', 'true', 'truth', 'try', 'turn', 'TV', 'two', 'type', 'under', 'understand', 'unit', 'until', 'up', 'upon', 'us', 'use', 'usually', 'value', 'various', 'very', 'victim', 'view', 'violence', 'visit', 'voice', 'vote', 'wait', 'walk', 'wall', 'want', 'war', 'watch', 'water', 'way', 'we', 'weapon', 'wear', 'week', 'weight', 'well', 'west', 'western', 'what', 'whatever', 'when', 'where', 'whether', 'which', 'while', 'white', 'who', 'whole', 'whom', 'whose', 'why', 'wide', 'wife', 'will', 'win', 'wind', 'window', 'wish', 'with', 'within', 'without', 'woman', 'wonder', 'word', 'work', 'worker', 'world', 'worry', 'would', 'write', 'writer', 'wrong', 'yard', 'yeah', 'year', 'yes', 'yet', 'you', 'young', 'your', 'yourself', 'English Courses', 'Privacy Policy', 'Cookies', 'Copyright']
begin most
Error accessing: http://www.google.com/search?num=10&q=Hello&nl=en&start=0
HTTP Error 503: Service Unavailable
Traceback (most recent call last):
  File "/home/txr/anaconda3/envs/python3/lib/python3.5/site-packages/google/modules/utils.py", line 432, in get_html
    html = urllib.request.urlopen(request).read()
  File "/home/txr/anaconda3/envs/python3/lib/python3.5/urllib/request.py", line 163, in urlopen
    return opener.open(url, data, timeout)
  File "/home/txr/anaconda3/envs/python3/lib/python3.5/urllib/request.py", line 472, in open
    response = meth(req, response)
  File "/home/txr/anaconda3/envs/python3/lib/python3.5/urllib/request.py", line 582, in http_response
    'http', request, response, code, msg, hdrs)
  File "/home/txr/anaconda3/envs/python3/lib/python3.5/urllib/request.py", line 504, in error
    result = self._call_chain(*args)
  File "/home/txr/anaconda3/envs/python3/lib/python3.5/urllib/request.py", line 444, in _call_chain
    result = func(*args)
  File "/home/txr/anaconda3/envs/python3/lib/python3.5/urllib/request.py", line 696, in http_error_302
    return self.parent.open(new, timeout=req.timeout)
  File "/home/txr/anaconda3/envs/python3/lib/python3.5/urllib/request.py", line 472, in open
    response = meth(req, response)
  File "/home/txr/anaconda3/envs/python3/lib/python3.5/urllib/request.py", line 582, in http_response
    'http', request, response, code, msg, hdrs)
  File "/home/txr/anaconda3/envs/python3/lib/python3.5/urllib/request.py", line 504, in error
    result = self._call_chain(*args)
  File "/home/txr/anaconda3/envs/python3/lib/python3.5/urllib/request.py", line 444, in _call_chain
    result = func(*args)
  File "/home/txr/anaconda3/envs/python3/lib/python3.5/urllib/request.py", line 696, in http_error_302
    return self.parent.open(new, timeout=req.timeout)
  File "/home/txr/anaconda3/envs/python3/lib/python3.5/urllib/request.py", line 472, in open
    response = meth(req, response)
  File "/home/txr/anaconda3/envs/python3/lib/python3.5/urllib/request.py", line 582, in http_response
    'http', request, response, code, msg, hdrs)
  File "/home/txr/anaconda3/envs/python3/lib/python3.5/urllib/request.py", line 510, in error
    return self._call_chain(*args)
  File "/home/txr/anaconda3/envs/python3/lib/python3.5/urllib/request.py", line 444, in _call_chain
    result = func(*args)
  File "/home/txr/anaconda3/envs/python3/lib/python3.5/urllib/request.py", line 590, in http_error_default
    raise HTTPError(req.full_url, code, msg, hdrs, fp)
urllib.error.HTTPError: HTTP Error 503: Service Unavailable

During handling of the above exception, another exception occurred:

Traceback (most recent call last):
  File "spider.py", line 41, in <module>
    crawl(str(word))
  File "spider.py", line 10, in crawl
    search_results = google.search("Hello", num_page)
  File "/home/txr/anaconda3/envs/python3/lib/python3.5/site-packages/google/modules/standard_search.py", line 69, in search
    html = get_html(url)
  File "/home/txr/anaconda3/envs/python3/lib/python3.5/site-packages/google/modules/utils.py", line 437, in get_html
    if e.code == 503 and 'CaptchaRedirect' in e.read():
TypeError: a bytes-like object is required, not 'str'
